0 info it worked if it ends with ok
1 verbose cli [ 'node', '/usr/local/bin/npm', 'run', 'test-socket' ]
2 info using npm@2.4.1
3 info using node@v0.10.25
4 verbose node symlink /usr/bin/node
5 verbose run-script [ 'pretest-socket', 'test-socket', 'posttest-socket' ]
6 info pretest-socket web@0.0.0
7 info test-socket web@0.0.0
8 verbose unsafe-perm in lifecycle true
9 info web@0.0.0 Failed to exec test-socket script
10 verbose stack Error: web@0.0.0 test-socket: `mocha 'web/test/end-to-end/websocket/**/*.js' --timeout 20000`
10 verbose stack Exit status 2
10 verbose stack     at EventEmitter.<anonymous> (/usr/local/lib/node_modules/npm/lib/utils/lifecycle.js:213:16)
10 verbose stack     at EventEmitter.emit (events.js:98:17)
10 verbose stack     at ChildProcess.<anonymous> (/usr/local/lib/node_modules/npm/lib/utils/spawn.js:14:12)
10 verbose stack     at ChildProcess.EventEmitter.emit (events.js:98:17)
10 verbose stack     at maybeClose (child_process.js:743:16)
10 verbose stack     at Process.ChildProcess._handle.onexit (child_process.js:810:5)
11 verbose pkgid web@0.0.0
12 verbose cwd /home/ben/Documents/repos/cs4911
13 error Linux 3.13.0-43-generic
14 error argv "node" "/usr/local/bin/npm" "run" "test-socket"
15 error node v0.10.25
16 error npm  v2.4.1
17 error code ELIFECYCLE
18 error web@0.0.0 test-socket: `mocha 'web/test/end-to-end/websocket/**/*.js' --timeout 20000`
18 error Exit status 2
19 error Failed at the web@0.0.0 test-socket script 'mocha 'web/test/end-to-end/websocket/**/*.js' --timeout 20000'.
19 error This is most likely a problem with the web package,
19 error not with npm itself.
19 error Tell the author that this fails on your system:
19 error     mocha 'web/test/end-to-end/websocket/**/*.js' --timeout 20000
19 error You can get their info via:
19 error     npm owner ls web
19 error There is likely additional logging output above.
20 verbose exit [ 1, true ]
